<?xml version="1.0" encoding="UTF-8"?>
<testng-results total="1" passed="1" failed="0" skipped="0">
  <reporter-output>
  </reporter-output>
  <suite started-at="2024-01-16T17:16:05Z" name="StudentTest" finished-at="2024-01-16T17:16:05Z" duration-ms="22">
    <groups>
    </groups>
    <test started-at="2024-01-16T17:16:05Z" name="Command line test" finished-at="2024-01-16T17:16:05Z" duration-ms="22">
      <class name="StudentTest">
        <test-method is-config="true" signature="setUpClass()[pri:0, instance:StudentTest@2c039ac6]" started-at="2024-01-16T12:16:05Z" name="setUpClass" finished-at="2024-01-16T12:16:05Z" duration-ms="8" status="PASS">
          <reporter-output>
          </reporter-output>
        </test-method> <!-- setUpClass -->
        <test-method signature="testName()[pri:0, instance:StudentTest@2c039ac6]" started-at="2024-01-16T12:16:05Z" name="testName" finished-at="2024-01-16T12:16:05Z" duration-ms="4" status="PASS">
          <reporter-output>
          </reporter-output>
        </test-method> <!-- testName -->
        <test-method is-config="true" signature="setUpMethod()[pri:0, instance:StudentTest@2c039ac6]" started-at="2024-01-16T12:16:05Z" name="setUpMethod" finished-at="2024-01-16T12:16:05Z" duration-ms="0" status="PASS">
          <reporter-output>
          </reporter-output>
        </test-method> <!-- setUpMethod -->
        <test-method is-config="true" signature="tearDownMethod()[pri:0, instance:StudentTest@2c039ac6]" started-at="2024-01-16T12:16:05Z" name="tearDownMethod" finished-at="2024-01-16T12:16:05Z" duration-ms="1" status="PASS">
          <reporter-output>
          </reporter-output>
        </test-method> <!-- tearDownMethod -->
        <test-method is-config="true" signature="tearDownClass()[pri:0, instance:StudentTest@2c039ac6]" started-at="2024-01-16T12:16:05Z" name="tearDownClass" finished-at="2024-01-16T12:16:05Z" duration-ms="0" status="PASS">
          <reporter-output>
          </reporter-output>
        </test-method> <!-- tearDownClass -->
      </class> <!-- StudentTest -->
    </test> <!-- Command line test -->
  </suite> <!-- StudentTest -->
</testng-results>
